<?xml version="1.0" encoding="UTF-8"?>
<testng-results skipped="0" failed="0" ignored="0" total="1" passed="1">
  <reporter-output>
  </reporter-output>
  <suite name="com.demo.qa.testcases.LoginTest" duration-ms="26411" started-at="2021-07-08T21:47:51 IST" finished-at="2021-07-08T21:48:18 IST">
    <groups>
    </groups>
    <test name="Command line test" duration-ms="26411" started-at="2021-07-08T21:47:51 IST" finished-at="2021-07-08T21:48:18 IST">
      <class name="com.demo.qa.testcases.LoginTest">
        <test-method status="PASS" signature="browserLaunch()[pri:0, instance:com.demo.qa.testcases.LoginTest@4cf777e8]" name="browserLaunch" is-config="true" duration-ms="15251" started-at="2021-07-08T21:47:51 IST" finished-at="2021-07-08T21:48:06 IST">
          <reporter-output>
          </reporter-output>
        </test-method> <!-- browserLaunch -->
        <test-method status="PASS" signature="loginTest()[pri:0, instance:com.demo.qa.testcases.LoginTest@4cf777e8]" name="loginTest" duration-ms="6873" started-at="2021-07-08T21:48:06 IST" finished-at="2021-07-08T21:48:13 IST">
          <reporter-output>
          </reporter-output>
        </test-method> <!-- loginTest -->
        <test-method status="PASS" signature="tearDown()[pri:0, instance:com.demo.qa.testcases.LoginTest@4cf777e8]" name="tearDown" is-config="true" duration-ms="4228" started-at="2021-07-08T21:48:13 IST" finished-at="2021-07-08T21:48:18 IST">
          <reporter-output>
          </reporter-output>
        </test-method> <!-- tearDown -->
      </class> <!-- com.demo.qa.testcases.LoginTest -->
    </test> <!-- Command line test -->
  </suite> <!-- com.demo.qa.testcases.LoginTest -->
</testng-results>
