<?xml version="1.0" encoding="UTF-8"?>
<testng-results skipped="0" failed="0" ignored="0" total="1" passed="1">
  <reporter-output>
  </reporter-output>
  <suite name="Suite" duration-ms="22552" started-at="2021-07-08T11:07:46Z" finished-at="2021-07-08T11:08:09Z">
    <groups>
    </groups>
    <test name="Test" duration-ms="22552" started-at="2021-07-08T11:07:46Z" finished-at="2021-07-08T11:08:09Z">
      <class name="com.demo.qa.testcases.LoginTest">
        <test-method status="PASS" signature="browserLaunch()[pri:0, instance:com.demo.qa.testcases.LoginTest@6f7fd0e6]" name="browserLaunch" is-config="true" duration-ms="15436" started-at="2021-07-08T16:37:46Z" finished-at="2021-07-08T16:38:01Z">
          <reporter-output>
          </reporter-output>
        </test-method> <!-- browserLaunch -->
        <test-method status="PASS" signature="loginTest()[pri:0, instance:com.demo.qa.testcases.LoginTest@6f7fd0e6]" name="loginTest" duration-ms="6863" started-at="2021-07-08T16:38:01Z" finished-at="2021-07-08T16:38:08Z">
          <reporter-output>
          </reporter-output>
        </test-method> <!-- loginTest -->
        <test-method status="PASS" signature="tearDown()[pri:0, instance:com.demo.qa.testcases.LoginTest@6f7fd0e6]" name="tearDown" is-config="true" duration-ms="236" started-at="2021-07-08T16:38:08Z" finished-at="2021-07-08T16:38:09Z">
          <reporter-output>
          </reporter-output>
        </test-method> <!-- tearDown -->
      </class> <!-- com.demo.qa.testcases.LoginTest -->
    </test> <!-- Test -->
  </suite> <!-- Suite -->
</testng-results>
